<?xml version="1.0" encoding="UTF-8"?>
<testng-results skipped="0" failed="0" ignored="0" total="1" passed="1">
  <reporter-output>
  </reporter-output>
  <suite name="Suite" duration-ms="10142" started-at="2018-02-03T10:32:51Z" finished-at="2018-02-03T10:33:02Z">
    <groups>
    </groups>
    <test name="Test" duration-ms="10142" started-at="2018-02-03T10:32:51Z" finished-at="2018-02-03T10:33:02Z">
      <class name="qsp.DemoA">
        <test-method status="PASS" signature="testA()[pri:0, instance:qsp.DemoA@35851384]" name="testA" duration-ms="10110" started-at="2018-02-03T16:02:51Z" finished-at="2018-02-03T16:03:02Z">
          <reporter-output>
          </reporter-output>
        </test-method> <!-- testA -->
      </class> <!-- qsp.DemoA -->
    </test> <!-- Test -->
  </suite> <!-- Suite -->
</testng-results>
