<?xml version="1.0" encoding="UTF-8"?>
<testng-results skipped="0" failed="0" ignored="0" total="1" passed="1">
  <reporter-output>
  </reporter-output>
  <suite name="Suite" duration-ms="8226" started-at="2018-02-04T06:59:44Z" finished-at="2018-02-04T06:59:52Z">
    <groups>
    </groups>
    <test name="Test" duration-ms="8226" started-at="2018-02-04T06:59:44Z" finished-at="2018-02-04T06:59:52Z">
      <class name="qsp.DemoA">
        <test-method status="PASS" signature="testA()[pri:0, instance:qsp.DemoA@3a82f6ef]" name="testA" duration-ms="8191" started-at="2018-02-04T12:29:44Z" finished-at="2018-02-04T12:29:52Z">
          <reporter-output>
          </reporter-output>
        </test-method> <!-- testA -->
      </class> <!-- qsp.DemoA -->
    </test> <!-- Test -->
  </suite> <!-- Suite -->
</testng-results>
